# JRE version: OpenJDK Runtime Environment Temurin-21.0.6+7 (21.0.6+7) (build 21.0.6+7-LTS)
# Java VM: OpenJDK 64-Bit Server VM Temurin-21.0.6+7 (21.0.6+7-LTS, mixed mode, emulated-client, sharing, tiered, compressed oops, compressed class ptrs, g1 gc, windows-amd64)
GC Precious Log:
 CardTable entry size: 512
 Card Set container configuration: InlinePtr #cards 4 size 8 Array Of Cards #cards 16 size 48 Howl #buckets 8 coarsen threshold 3686 Howl Bitmap #cards 512 size 80 coarsen threshold 460 Card regions per heap region 1 cards per card region 4096
 CPUs: 12 total, 12 available
 Memory: 16053M
 Large Page Support: Disabled
 NUMA Support: Disabled
 Compressed Oops: Enabled (Zero based)
 Heap Region Size: 2M
 Heap Min Capacity: 8M
 Heap Initial Capacity: 252M
 Heap Max Capacity: 4014M
 Pre-touch: Disabled
 Parallel Workers: 10
 Concurrent Workers: 3
 Concurrent Refinement Workers: 10
 Periodic GC: Disabled
Heap:
 garbage-first heap   total 69632K, used 25231K [0x0000000705200000, 0x0000000800000000)
  region size 2048K, 9 young (18432K), 4 survivors (8192K)
 Metaspace       used 33705K, committed 34240K, reserved 1114112K
  class space    used 4430K, committed 4672K, reserved 1048576K
GC Heap History (18 events):
Event: 0.935 GC heap before
{Heap before GC invocations=0 (full 0):
 garbage-first heap   total 258048K, used 20480K [0x0000000705200000, 0x0000000800000000)
  region size 2048K, 11 young (22528K), 0 survivors (0K)
 Metaspace       used 6813K, committed 6976K, reserved 1114112K
  class space    used 762K, committed 832K, reserved 1048576K
}
Event: 0.938 GC heap after
{Heap after GC invocations=1 (full 0):
 garbage-first heap   total 258048K, used 5120K [0x0000000705200000, 0x0000000800000000)
  region size 2048K, 2 young (4096K), 2 survivors (4096K)
 Metaspace       used 6813K, committed 6976K, reserved 1114112K
  class space    used 762K, committed 832K, reserved 1048576K
}
Event: 1.149 GC heap before
{Heap before GC invocations=1 (full 0):
 garbage-first heap   total 258048K, used 33792K [0x0000000705200000, 0x0000000800000000)
  region size 2048K, 17 young (34816K), 2 survivors (4096K)
 Metaspace       used 10082K, committed 10304K, reserved 1114112K
  class space    used 1184K, committed 1280K, reserved 1048576K
}
Event: 1.152 GC heap after
{Heap after GC invocations=2 (full 0):
 garbage-first heap   total 258048K, used 6778K [0x0000000705200000, 0x0000000800000000)
  region size 2048K, 1 young (2048K), 1 survivors (2048K)
 Metaspace       used 10082K, committed 10304K, reserved 1114112K
  class space    used 1184K, committed 1280K, reserved 1048576K
}
Event: 1.430 GC heap before
{Heap before GC invocations=2 (full 0):
 garbage-first heap   total 258048K, used 72314K [0x0000000705200000, 0x0000000800000000)
  region size 2048K, 35 young (71680K), 1 survivors (2048K)
 Metaspace       used 16810K, committed 17216K, reserved 1114112K
  class space    used 2129K, committed 2304K, reserved 1048576K
}
Event: 1.433 GC heap after
{Heap after GC invocations=3 (full 0):
 garbage-first heap   total 258048K, used 9383K [0x0000000705200000, 0x0000000800000000)
  region size 2048K, 3 young (6144K), 3 survivors (6144K)
 Metaspace       used 16810K, committed 17216K, reserved 1114112K
  class space    used 2129K, committed 2304K, reserved 1048576K
}
Event: 1.494 GC heap before
{Heap before GC invocations=4 (full 0):
 garbage-first heap   total 40960K, used 38055K [0x0000000705200000, 0x0000000800000000)
  region size 2048K, 17 young (34816K), 3 survivors (6144K)
 Metaspace       used 19123K, committed 19456K, reserved 1114112K
  class space    used 2426K, committed 2560K, reserved 1048576K
}
Event: 1.496 GC heap after
{Heap after GC invocations=5 (full 0):
 garbage-first heap   total 47104K, used 9708K [0x0000000705200000, 0x0000000800000000)
  region size 2048K, 3 young (6144K), 3 survivors (6144K)
 Metaspace       used 19123K, committed 19456K, reserved 1114112K
  class space    used 2426K, committed 2560K, reserved 1048576K
}
Event: 1.561 GC heap before
{Heap before GC invocations=5 (full 0):
 garbage-first heap   total 47104K, used 30188K [0x0000000705200000, 0x0000000800000000)
  region size 2048K, 13 young (26624K), 3 survivors (6144K)
 Metaspace       used 20849K, committed 21248K, reserved 1114112K
  class space    used 2675K, committed 2880K, reserved 1048576K
}
Event: 1.564 GC heap after
{Heap after GC invocations=6 (full 0):
 garbage-first heap   total 47104K, used 10281K [0x0000000705200000, 0x0000000800000000)
  region size 2048K, 1 young (2048K), 1 survivors (2048K)
 Metaspace       used 20849K, committed 21248K, reserved 1114112K
  class space    used 2675K, committed 2880K, reserved 1048576K
}
Event: 1.770 GC heap before
{Heap before GC invocations=6 (full 0):
 garbage-first heap   total 47104K, used 32809K [0x0000000705200000, 0x0000000800000000)
  region size 2048K, 13 young (26624K), 1 survivors (2048K)
 Metaspace       used 22239K, committed 22656K, reserved 1114112K
  class space    used 2870K, committed 3072K, reserved 1048576K
}
Event: 1.772 GC heap after
{Heap after GC invocations=7 (full 0):
 garbage-first heap   total 153600K, used 11918K [0x0000000705200000, 0x0000000800000000)
  region size 2048K, 2 young (4096K), 2 survivors (4096K)
 Metaspace       used 22239K, committed 22656K, reserved 1114112K
  class space    used 2870K, committed 3072K, reserved 1048576K
}
Event: 2.364 GC heap before
{Heap before GC invocations=7 (full 0):
 garbage-first heap   total 153600K, used 97934K [0x0000000705200000, 0x0000000800000000)
  region size 2048K, 45 young (92160K), 2 survivors (4096K)
 Metaspace       used 28341K, committed 28800K, reserved 1114112K
  class space    used 3720K, committed 3968K, reserved 1048576K
}
Event: 2.368 GC heap after
{Heap after GC invocations=8 (full 0):
 garbage-first heap   total 153600K, used 15901K [0x0000000705200000, 0x0000000800000000)
  region size 2048K, 4 young (8192K), 4 survivors (8192K)
 Metaspace       used 28341K, committed 28800K, reserved 1114112K
  class space    used 3720K, committed 3968K, reserved 1048576K
}
Event: 2.368 GC heap before
{Heap before GC invocations=8 (full 0):
 garbage-first heap   total 153600K, used 15901K [0x0000000705200000, 0x0000000800000000)
  region size 2048K, 5 young (10240K), 4 survivors (8192K)
 Metaspace       used 28344K, committed 28800K, reserved 1114112K
  class space    used 3720K, committed 3968K, reserved 1048576K
}
Event: 2.372 GC heap after
{Heap after GC invocations=9 (full 0):
 garbage-first heap   total 153600K, used 15813K [0x0000000705200000, 0x0000000800000000)
  region size 2048K, 4 young (8192K), 4 survivors (8192K)
 Metaspace       used 28344K, committed 28800K, reserved 1114112K
  class space    used 3720K, committed 3968K, reserved 1048576K
}
Event: 2.683 GC heap before
{Heap before GC invocations=10 (full 0):
 garbage-first heap   total 61440K, used 58821K [0x0000000705200000, 0x0000000800000000)
  region size 2048K, 25 young (51200K), 4 survivors (8192K)
 Metaspace       used 33580K, committed 34176K, reserved 1114112K
  class space    used 4414K, committed 4672K, reserved 1048576K
}
Event: 2.687 GC heap after
{Heap after GC invocations=11 (full 0):
 garbage-first heap   total 69632K, used 17039K [0x0000000705200000, 0x0000000800000000)
  region size 2048K, 4 young (8192K), 4 survivors (8192K)
 Metaspace       used 33580K, committed 34176K, reserved 1114112K
  class space    used 4414K, committed 4672K, reserved 1048576K
}

