# JRE version: OpenJDK Runtime Environment Temurin-21.0.6+7 (21.0.6+7) (build 21.0.6+7-LTS)
# Java VM: OpenJDK 64-Bit Server VM Temurin-21.0.6+7 (21.0.6+7-LTS, mixed mode, emulated-client, sharing, tiered, compressed oops, compressed class ptrs, g1 gc, windows-amd64)
GC Precious Log:
 CardTable entry size: 512
 Card Set container configuration: InlinePtr #cards 4 size 8 Array Of Cards #cards 16 size 48 Howl #buckets 8 coarsen threshold 3686 Howl Bitmap #cards 512 size 80 coarsen threshold 460 Card regions per heap region 1 cards per card region 4096
 CPUs: 12 total, 12 available
 Memory: 16053M
 Large Page Support: Disabled
 NUMA Support: Disabled
 Compressed Oops: Enabled (Zero based)
 Heap Region Size: 2M
 Heap Min Capacity: 8M
 Heap Initial Capacity: 252M
 Heap Max Capacity: 4014M
 Pre-touch: Disabled
 Parallel Workers: 10
 Concurrent Workers: 3
 Concurrent Refinement Workers: 10
 Periodic GC: Disabled
Heap:
 garbage-first heap   total 71680K, used 25623K [0x0000000705200000, 0x0000000800000000)
  region size 2048K, 9 young (18432K), 4 survivors (8192K)
 Metaspace       used 33706K, committed 34240K, reserved 1114112K
  class space    used 4431K, committed 4672K, reserved 1048576K
GC Heap History (18 events):
Event: 0.398 GC heap before
{Heap before GC invocations=0 (full 0):
 garbage-first heap   total 258048K, used 20480K [0x0000000705200000, 0x0000000800000000)
  region size 2048K, 11 young (22528K), 0 survivors (0K)
 Metaspace       used 6662K, committed 6848K, reserved 1114112K
  class space    used 749K, committed 832K, reserved 1048576K
}
Event: 0.401 GC heap after
{Heap after GC invocations=1 (full 0):
 garbage-first heap   total 258048K, used 5041K [0x0000000705200000, 0x0000000800000000)
  region size 2048K, 2 young (4096K), 2 survivors (4096K)
 Metaspace       used 6662K, committed 6848K, reserved 1114112K
  class space    used 749K, committed 832K, reserved 1048576K
}
Event: 0.594 GC heap before
{Heap before GC invocations=1 (full 0):
 garbage-first heap   total 258048K, used 35761K [0x0000000705200000, 0x0000000800000000)
  region size 2048K, 17 young (34816K), 2 survivors (4096K)
 Metaspace       used 10188K, committed 10560K, reserved 1114112K
  class space    used 1212K, committed 1408K, reserved 1048576K
}
Event: 0.597 GC heap after
{Heap after GC invocations=2 (full 0):
 garbage-first heap   total 258048K, used 6849K [0x0000000705200000, 0x0000000800000000)
  region size 2048K, 1 young (2048K), 1 survivors (2048K)
 Metaspace       used 10188K, committed 10560K, reserved 1114112K
  class space    used 1212K, committed 1408K, reserved 1048576K
}
Event: 0.877 GC heap before
{Heap before GC invocations=2 (full 0):
 garbage-first heap   total 258048K, used 72385K [0x0000000705200000, 0x0000000800000000)
  region size 2048K, 35 young (71680K), 1 survivors (2048K)
 Metaspace       used 16711K, committed 17088K, reserved 1114112K
  class space    used 2121K, committed 2304K, reserved 1048576K
}
Event: 0.880 GC heap after
{Heap after GC invocations=3 (full 0):
 garbage-first heap   total 258048K, used 9180K [0x0000000705200000, 0x0000000800000000)
  region size 2048K, 2 young (4096K), 2 survivors (4096K)
 Metaspace       used 16711K, committed 17088K, reserved 1114112K
  class space    used 2121K, committed 2304K, reserved 1048576K
}
Event: 0.930 GC heap before
{Heap before GC invocations=4 (full 0):
 garbage-first heap   total 34816K, used 33756K [0x0000000705200000, 0x0000000800000000)
  region size 2048K, 14 young (28672K), 2 survivors (4096K)
 Metaspace       used 18667K, committed 19072K, reserved 1114112K
  class space    used 2372K, committed 2560K, reserved 1048576K
}
Event: 0.932 GC heap after
{Heap after GC invocations=5 (full 0):
 garbage-first heap   total 40960K, used 9421K [0x0000000705200000, 0x0000000800000000)
  region size 2048K, 3 young (6144K), 3 survivors (6144K)
 Metaspace       used 18667K, committed 19072K, reserved 1114112K
  class space    used 2372K, committed 2560K, reserved 1048576K
}
Event: 0.965 GC heap before
{Heap before GC invocations=5 (full 0):
 garbage-first heap   total 40960K, used 27853K [0x0000000705200000, 0x0000000800000000)
  region size 2048K, 12 young (24576K), 3 survivors (6144K)
 Metaspace       used 19990K, committed 20352K, reserved 1114112K
  class space    used 2550K, committed 2752K, reserved 1048576K
}
Event: 0.968 GC heap after
{Heap after GC invocations=6 (full 0):
 garbage-first heap   total 40960K, used 9865K [0x0000000705200000, 0x0000000800000000)
  region size 2048K, 1 young (2048K), 1 survivors (2048K)
 Metaspace       used 19990K, committed 20352K, reserved 1114112K
  class space    used 2550K, committed 2752K, reserved 1048576K
}
Event: 1.042 GC heap before
{Heap before GC invocations=6 (full 0):
 garbage-first heap   total 40960K, used 28297K [0x0000000705200000, 0x0000000800000000)
  region size 2048K, 11 young (22528K), 1 survivors (2048K)
 Metaspace       used 21581K, committed 21952K, reserved 1114112K
  class space    used 2771K, committed 2944K, reserved 1048576K
}
Event: 1.043 GC heap after
{Heap after GC invocations=7 (full 0):
 garbage-first heap   total 149504K, used 11042K [0x0000000705200000, 0x0000000800000000)
  region size 2048K, 2 young (4096K), 2 survivors (4096K)
 Metaspace       used 21581K, committed 21952K, reserved 1114112K
  class space    used 2771K, committed 2944K, reserved 1048576K
}
Event: 1.580 GC heap before
{Heap before GC invocations=7 (full 0):
 garbage-first heap   total 149504K, used 92962K [0x0000000705200000, 0x0000000800000000)
  region size 2048K, 43 young (88064K), 2 survivors (4096K)
 Metaspace       used 26994K, committed 27520K, reserved 1114112K
  class space    used 3596K, committed 3840K, reserved 1048576K
}
Event: 1.583 GC heap after
{Heap after GC invocations=8 (full 0):
 garbage-first heap   total 149504K, used 15172K [0x0000000705200000, 0x0000000800000000)
  region size 2048K, 4 young (8192K), 4 survivors (8192K)
 Metaspace       used 26994K, committed 27520K, reserved 1114112K
  class space    used 3596K, committed 3840K, reserved 1048576K
}
Event: 1.666 GC heap before
{Heap before GC invocations=8 (full 0):
 garbage-first heap   total 149504K, used 31556K [0x0000000705200000, 0x0000000800000000)
  region size 2048K, 13 young (26624K), 4 survivors (8192K)
 Metaspace       used 28277K, committed 28736K, reserved 1114112K
  class space    used 3716K, committed 3968K, reserved 1048576K
}
Event: 1.669 GC heap after
{Heap after GC invocations=9 (full 0):
 garbage-first heap   total 149504K, used 16091K [0x0000000705200000, 0x0000000800000000)
  region size 2048K, 4 young (8192K), 4 survivors (8192K)
 Metaspace       used 28277K, committed 28736K, reserved 1114112K
  class space    used 3716K, committed 3968K, reserved 1048576K
}
Event: 1.905 GC heap before
{Heap before GC invocations=10 (full 0):
 garbage-first heap   total 61440K, used 59099K [0x0000000705200000, 0x0000000800000000)
  region size 2048K, 25 young (51200K), 4 survivors (8192K)
 Metaspace       used 33504K, committed 33984K, reserved 1114112K
  class space    used 4405K, committed 4608K, reserved 1048576K
}
Event: 1.909 GC heap after
{Heap after GC invocations=11 (full 0):
 garbage-first heap   total 71680K, used 17431K [0x0000000705200000, 0x0000000800000000)
  region size 2048K, 4 young (8192K), 4 survivors (8192K)
 Metaspace       used 33504K, committed 33984K, reserved 1114112K
  class space    used 4405K, committed 4608K, reserved 1048576K
}

